  Aabb.cpp
  Application.cpp
C:\Users\Dennis\Desktop\CG-Hausarbeit\Space-Invaders\src\Application.cpp(93,37): warning C4305: "Argument": Verkürzung von "double" in "float"
C:\Users\Dennis\Desktop\CG-Hausarbeit\Space-Invaders\src\Application.cpp(94,37): warning C4305: "Argument": Verkürzung von "double" in "float"
C:\Users\Dennis\Desktop\CG-Hausarbeit\Space-Invaders\src\Application.cpp(129,35): warning C4305: "Argument": Verkürzung von "double" in "float"
C:\Users\Dennis\Desktop\CG-Hausarbeit\Space-Invaders\src\Application.cpp(142,28): warning C4244: "Argument": Konvertierung von "int" in "float", möglicher Datenverlust
C:\Users\Dennis\Desktop\CG-Hausarbeit\Space-Invaders\src\Application.cpp(143,25): warning C4244: "Argument": Konvertierung von "int" in "float", möglicher Datenverlust
  Background.cpp
  Barriere.cpp
  BaseModel.cpp
  BaseShader.cpp
  Bullet.cpp
  Camera.cpp
  CollisionDetector.cpp
  color.cpp
  ConstantShader.cpp
  Framebuffer.cpp
  GameBar.cpp
  Gegner.cpp
  IndexBuffer.cpp
  Invasion.cpp
C:\Users\Dennis\Desktop\CG-Hausarbeit\Space-Invaders\src\Invasion.cpp(99,30): warning C4101: "e": Unreferenzierte lokale Variable
  Menu.cpp
  ShaderLightMapper.cpp
  Lights.cpp
  LineBoxModel.cpp
  Kompilieren...
  LinePlaneModel.cpp
  main.cpp
  Matrix.cpp
  Model.cpp
  PhongShader.cpp
  rgbimage.cpp
C:\Users\Dennis\Desktop\CG-Hausarbeit\Space-Invaders\src\rgbimage.cpp(53,20): warning C4018: "<": Konflikt zwischen "signed" und "unsigned"
C:\Users\Dennis\Desktop\CG-Hausarbeit\Space-Invaders\src\rgbimage.cpp(54,21): warning C4018: "<": Konflikt zwischen "signed" und "unsigned"
C:\Users\Dennis\Desktop\CG-Hausarbeit\Space-Invaders\src\rgbimage.cpp(59,59): warning C4244: "Argument": Konvertierung von "int" in "const float", möglicher Datenverlust
C:\Users\Dennis\Desktop\CG-Hausarbeit\Space-Invaders\src\rgbimage.cpp(66,60): warning C4244: "Argument": Konvertierung von "int" in "const float", möglicher Datenverlust
C:\Users\Dennis\Desktop\CG-Hausarbeit\Space-Invaders\src\rgbimage.cpp(70,94): warning C4244: "Argument": Konvertierung von "double" in "float", möglicher Datenverlust
C:\Users\Dennis\Desktop\CG-Hausarbeit\Space-Invaders\src\rgbimage.cpp(70,59): warning C4244: "Argument": Konvertierung von "double" in "float", möglicher Datenverlust
C:\Users\Dennis\Desktop\CG-Hausarbeit\Space-Invaders\src\rgbimage.cpp(70,24): warning C4244: "Argument": Konvertierung von "double" in "float", möglicher Datenverlust
C:\Users\Dennis\Desktop\CG-Hausarbeit\Space-Invaders\src\rgbimage.cpp(87,16): warning C4244: "return": Konvertierung von "float" in "unsigned char", möglicher Datenverlust
C:\Users\Dennis\Desktop\CG-Hausarbeit\Space-Invaders\src\rgbimage.cpp(136,21): warning C4018: "<": Konflikt zwischen "signed" und "unsigned"
  ShadowMapGenerator.cpp
  Spieler.cpp
  Texture.cpp
  TriangleBoxModel.cpp
  TrianglePlaneModel.cpp
  TriangleSphereModel.cpp
  vector.cpp
  VertexBuffer.cpp
  Code wird generiert.
  Previous IPDB was built with incompatible compiler, fall back to full compilation.
C:\Users\Dennis\Desktop\CG-Hausarbeit\Space-Invaders\src\Menu.cpp(80): warning C4715: "Menu::enter": Nicht alle Codepfade geben einen Wert zurück.
  All 1400 functions were compiled because no usable IPDB/IOBJ from previous compilation was found.
  Codegenerierung ist abgeschlossen.
  CGVStudio.vcxproj -> C:\Users\Dennis\Desktop\CG-Hausarbeit\Space-Invaders\CGVStudio\Release\CGVStudio.exe
